<?xml version="1.0" encoding="UTF-8"?>
<testsuite name="com.userregi.UserRegistrationTest" tests="1" skipped="0" failures="0" errors="0" timestamp="2020-04-29T05:16:56" hostname="PRABHAKAR" time="0.004">
  <properties/>
  <testcase name="givenPswd_WhenAtleast1Number_ShouldReturnTrue" classname="com.userregi.UserRegistrationTest" time="0.004"/>
  <system-out><![CDATA[]]></system-out>
  <system-err><![CDATA[]]></system-err>
</testsuite>
