<?xml version="1.0" encoding="UTF-8"?>
<testsuite name="com.userregi.UserRegistrationTest" tests="4" skipped="0" failures="0" errors="0" timestamp="2020-04-29T02:39:12" hostname="PRABHAKAR" time="0.008">
  <properties/>
  <testcase name="givenFirstName_WhenLessThanThreeChars_ShouldReturnFalse" classname="com.userregi.UserRegistrationTest" time="0.004"/>
  <testcase name="givenLastName_WhenFirstLatterUpperCase_ShouldReturnTrue" classname="com.userregi.UserRegistrationTest" time="0.0"/>
  <testcase name="givenFirstName_WhenFirstLatterUpperCase_ShouldReturnTrue" classname="com.userregi.UserRegistrationTest" time="0.0"/>
  <testcase name="givenLasttName_WhenLessThanThreeChars_ShouldReturnFalse" classname="com.userregi.UserRegistrationTest" time="0.0"/>
  <system-out><![CDATA[]]></system-out>
  <system-err><![CDATA[]]></system-err>
</testsuite>
